<?xml version="1.0" encoding="UTF-8"?>
<testng-results skipped="0" failed="0" total="1" passed="1">
  <reporter-output>
  </reporter-output>
  <suite name="Suite" duration-ms="19306" started-at="2016-01-19T08:03:19Z" finished-at="2016-01-19T08:03:38Z">
    <groups>
    </groups>
    <test name="Test" duration-ms="19306" started-at="2016-01-19T08:03:19Z" finished-at="2016-01-19T08:03:38Z">
      <class name="ExecuteChrome.clsExecuteChrome">
        <test-method status="PASS" signature="ChromeOpen()[pri:0, instance:ExecuteChrome.clsExecuteChrome@6d9ebfd1]" name="ChromeOpen" duration-ms="19253" started-at="2016-01-19T13:33:19Z" finished-at="2016-01-19T13:33:38Z">
          <reporter-output>
          </reporter-output>
        </test-method> <!-- ChromeOpen -->
      </class> <!-- ExecuteChrome.clsExecuteChrome -->
    </test> <!-- Test -->
  </suite> <!-- Suite -->
</testng-results>
