<?xml version="1.0" encoding="UTF-8"?>
<testng-results skipped="0" failed="0" total="1" passed="1">
  <reporter-output>
  </reporter-output>
  <suite name="Default suite" duration-ms="24915" started-at="2016-01-18T08:39:18Z" finished-at="2016-01-18T08:39:43Z">
    <groups>
    </groups>
    <test name="Default test" duration-ms="24915" started-at="2016-01-18T08:39:18Z" finished-at="2016-01-18T08:39:43Z">
      <class name="ExecuteChrome.clsExecuteChrome">
        <test-method status="PASS" signature="ChromeOpen()[pri:0, instance:ExecuteChrome.clsExecuteChrome@45c8e616]" name="ChromeOpen" duration-ms="24893" started-at="2016-01-18T14:09:18Z" finished-at="2016-01-18T14:09:43Z">
          <reporter-output>
          </reporter-output>
        </test-method> <!-- ChromeOpen -->
      </class> <!-- ExecuteChrome.clsExecuteChrome -->
    </test> <!-- Default test -->
  </suite> <!-- Default suite -->
</testng-results>
