<?xml version="1.0" encoding="UTF-8" ?>
<testsuite tests="1" failures="1" name="TestSuite" time="83.868" errors="0" skipped="0">
  <properties>
[...]
</properties>
  <testcase classname="ExecuteChrome.clsExecuteChrome" name="BrowserOpen" time="83.868">
    <failure message="Failed to connect to binary FirefoxBinary(/usr/bin/firefox) on port 7055; process output follows: 
g.xpi
1454387643976	addons.xpi	INFO	Mapping ubufox@ubuntu.com to /usr/share/mozilla/extensions/{ec8030f7-c20a-464f-9b0e-13a3a9e97384}/ubufox@ubuntu.com
1454387643977	addons.xpi	DEBUG	checkForChanges
1454387643977	addons.xpi	DEBUG	Loaded add-on state from prefs: {&quot;app-profile&quot;:{&quot;fxdriver@googlecode.com&quot;:{&quot;d&quot;:&quot;/tmp/anonymous4245152028309436696webdriver-profile/extensions/fxdriver@googlecode.com&quot;,&quot;e&quot;:false,&quot;v&quot;:&quot;2.24.1&quot;,&quot;st&quot;:1454387635000,&quot;mt&quot;:1454387635000}},&quot;app-global&quot;:{&quot;{972ce4c6-7e08-4474-a285-3208198ce6fd}&quot;:{&quot;d&quot;:&quot;/usr/lib/firefox/browser/extensions/{972ce4c6-7e08-4474-a285-3208198ce6fd}&quot;,&quot;e&quot;:true,&quot;v&quot;:&quot;42.0&quot;,&quot;st&quot;:1449036246000,&quot;mt&quot;:1446198270000},&quot;langpack-en-GB@firefox.mozilla.org&quot;:{&quot;d&quot;:&quot;/usr/lib/firefox/browser/extensions/langpack-en-GB@firefox.mozilla.org.xpi&quot;,&quot;e&quot;:false,&quot;v&quot;:&quot;18.0.2&quot;,&quot;st&quot;:1359760586000},&quot;langpack-en-ZA@firefox.mozilla.org&quot;:{&quot;d&quot;:&quot;/usr/lib/firefox/browser/extensions/langpack-en-ZA@firefox.mozilla.org.xpi&quot;,&quot;e&quot;:false,&quot;v&quot;:&quot;18.0.2&quot;,&quot;st&quot;:1359760586000}},&quot;app-system-share&quot;:{&quot;ubufox@ubuntu.com&quot;:{&quot;d&quot;:&quot;/usr/share/mozilla/extensions/{ec8030f7-c20a-464f-9b0e-13a3a9e97384}/ubufox@ubuntu.com&quot;,&quot;e&quot;:false,&quot;v&quot;:&quot;2.6&quot;,&quot;st&quot;:1360793378000,&quot;mt&quot;:1353361961000}}}
1454387643979	addons.xpi	DEBUG	getModTime: Recursive scan of {972ce4c6-7e08-4474-a285-3208198ce6fd}
1454387643981	addons.xpi	DEBUG	getInstallState changed: false, state: {&quot;app-profile&quot;:{&quot;fxdriver@googlecode.com&quot;:{&quot;d&quot;:&quot;/tmp/anonymous4245152028309436696webdriver-profile/extensions/fxdriver@googlecode.com&quot;,&quot;e&quot;:false,&quot;v&quot;:&quot;2.24.1&quot;,&quot;st&quot;:1454387635000,&quot;mt&quot;:1454387635000}},&quot;app-global&quot;:{&quot;{972ce4c6-7e08-4474-a285-3208198ce6fd}&quot;:{&quot;d&quot;:&quot;/usr/lib/firefox/browser/extensions/{972ce4c6-7e08-4474-a285-3208198ce6fd}&quot;,&quot;e&quot;:true,&quot;v&quot;:&quot;42.0&quot;,&quot;st&quot;:1449036246000,&quot;mt&quot;:1446198270000},&quot;langpack-en-GB@firefox.mozilla.org&quot;:{&quot;d&quot;:&quot;/usr/lib/firefox/browser/extensions/langpack-en-GB@firefox.mozilla.org.xpi&quot;,&quot;e&quot;:false,&quot;v&quot;:&quot;18.0.2&quot;,&quot;st&quot;:1359760586000},&quot;langpack-en-ZA@firefox.mozilla.org&quot;:{&quot;d&quot;:&quot;/usr/lib/firefox/browser/extensions/langpack-en-ZA@firefox.mozilla.org.xpi&quot;,&quot;e&quot;:false,&quot;v&quot;:&quot;18.0.2&quot;,&quot;st&quot;:1359760586000}},&quot;app-system-share&quot;:{&quot;ubufox@ubuntu.com&quot;:{&quot;d&quot;:&quot;/usr/share/mozilla/extensions/{ec8030f7-c20a-464f-9b0e-13a3a9e97384}/ubufox@ubuntu.com&quot;,&quot;e&quot;:false,&quot;v&quot;:&quot;2.6&quot;,&quot;st&quot;:1360793378000,&quot;mt&quot;:1353361961000}}}
1454387643983	addons.xpi	DEBUG	No changes found
1454387643994	addons.manager	DEBUG	Registering shutdown blocker for XPIProvider
1454387643994	addons.manager	DEBUG	Provider finished startup: XPIProvider
1454387643995	addons.manager	DEBUG	Starting provider: LightweightThemeManager
1454387643995	addons.manager	DEBUG	Registering shutdown blocker for LightweightThemeManager
1454387643995	addons.manager	DEBUG	Provider finished startup: LightweightThemeManager
1454387643996	addons.manager	DEBUG	Starting provider: GMPProvider
1454387644002	addons.manager	DEBUG	Registering shutdown blocker for GMPProvider
1454387644002	addons.manager	DEBUG	Provider finished startup: GMPProvider
1454387644002	addons.manager	DEBUG	Starting provider: PluginProvider
1454387644003	addons.manager	DEBUG	Registering shutdown blocker for PluginProvider
1454387644003	addons.manager	DEBUG	Provider finished startup: PluginProvider
1454387644004	addons.manager	DEBUG	Completed startup sequence
1454387644058	addons.xpi-utils	DEBUG	Starting async load of XPI database /tmp/anonymous4245152028309436696webdriver-profile/extensions.json
1454387644393	addons.manager	DEBUG	Starting provider: &lt;unnamed-provider&gt;
1454387644394	addons.manager	DEBUG	Registering shutdown blocker for &lt;unnamed-provider&gt;
1454387644394	addons.manager	DEBUG	Provider finished startup: &lt;unnamed-provider&gt;
1454387644521	addons.xpi-utils	DEBUG	Async JSON file read took 0 MS
1454387644521	addons.xpi-utils	DEBUG	Finished async read of XPI database, parsing...
1454387644523	addons.xpi-utils	DEBUG	Successfully read XPI database
1454387644638	addons.manager	DEBUG	Starting provider: PreviousExperimentProvider
1454387644638	addons.manager	DEBUG	Registering shutdown blocker for PreviousExperimentProvider
1454387644638	addons.manager	DEBUG	Provider finished startup: PreviousExperimentProvider

Build info: version: &apos;2.24.1&apos;, revision: &apos;17205&apos;, time: &apos;2012-06-19 15:28:49&apos;
System info: os.name: &apos;Linux&apos;, os.arch: &apos;i386&apos;, os.version: &apos;3.5.0-23-generic&apos;, java.version: &apos;1.8.0_71&apos;
Driver info: driver.version: FirefoxDriver" type="org.openqa.selenium.WebDriverException">org.openqa.selenium.WebDriverException: Failed to connect to binary FirefoxBinary(/usr/bin/firefox) on port 7055; process output follows: 
g.xpi
1454387643976	addons.xpi	INFO	Mapping ubufox@ubuntu.com to /usr/share/mozilla/extensions/{ec8030f7-c20a-464f-9b0e-13a3a9e97384}/ubufox@ubuntu.com
1454387643977	addons.xpi	DEBUG	checkForChanges
1454387643977	addons.xpi	DEBUG	Loaded add-on state from prefs: {&quot;app-profile&quot;:{&quot;fxdriver@googlecode.com&quot;:{&quot;d&quot;:&quot;/tmp/anonymous4245152028309436696webdriver-profile/extensions/fxdriver@googlecode.com&quot;,&quot;e&quot;:false,&quot;v&quot;:&quot;2.24.1&quot;,&quot;st&quot;:1454387635000,&quot;mt&quot;:1454387635000}},&quot;app-global&quot;:{&quot;{972ce4c6-7e08-4474-a285-3208198ce6fd}&quot;:{&quot;d&quot;:&quot;/usr/lib/firefox/browser/extensions/{972ce4c6-7e08-4474-a285-3208198ce6fd}&quot;,&quot;e&quot;:true,&quot;v&quot;:&quot;42.0&quot;,&quot;st&quot;:1449036246000,&quot;mt&quot;:1446198270000},&quot;langpack-en-GB@firefox.mozilla.org&quot;:{&quot;d&quot;:&quot;/usr/lib/firefox/browser/extensions/langpack-en-GB@firefox.mozilla.org.xpi&quot;,&quot;e&quot;:false,&quot;v&quot;:&quot;18.0.2&quot;,&quot;st&quot;:1359760586000},&quot;langpack-en-ZA@firefox.mozilla.org&quot;:{&quot;d&quot;:&quot;/usr/lib/firefox/browser/extensions/langpack-en-ZA@firefox.mozilla.org.xpi&quot;,&quot;e&quot;:false,&quot;v&quot;:&quot;18.0.2&quot;,&quot;st&quot;:1359760586000}},&quot;app-system-share&quot;:{&quot;ubufox@ubuntu.com&quot;:{&quot;d&quot;:&quot;/usr/share/mozilla/extensions/{ec8030f7-c20a-464f-9b0e-13a3a9e97384}/ubufox@ubuntu.com&quot;,&quot;e&quot;:false,&quot;v&quot;:&quot;2.6&quot;,&quot;st&quot;:1360793378000,&quot;mt&quot;:1353361961000}}}
1454387643979	addons.xpi	DEBUG	getModTime: Recursive scan of {972ce4c6-7e08-4474-a285-3208198ce6fd}
1454387643981	addons.xpi	DEBUG	getInstallState changed: false, state: {&quot;app-profile&quot;:{&quot;fxdriver@googlecode.com&quot;:{&quot;d&quot;:&quot;/tmp/anonymous4245152028309436696webdriver-profile/extensions/fxdriver@googlecode.com&quot;,&quot;e&quot;:false,&quot;v&quot;:&quot;2.24.1&quot;,&quot;st&quot;:1454387635000,&quot;mt&quot;:1454387635000}},&quot;app-global&quot;:{&quot;{972ce4c6-7e08-4474-a285-3208198ce6fd}&quot;:{&quot;d&quot;:&quot;/usr/lib/firefox/browser/extensions/{972ce4c6-7e08-4474-a285-3208198ce6fd}&quot;,&quot;e&quot;:true,&quot;v&quot;:&quot;42.0&quot;,&quot;st&quot;:1449036246000,&quot;mt&quot;:1446198270000},&quot;langpack-en-GB@firefox.mozilla.org&quot;:{&quot;d&quot;:&quot;/usr/lib/firefox/browser/extensions/langpack-en-GB@firefox.mozilla.org.xpi&quot;,&quot;e&quot;:false,&quot;v&quot;:&quot;18.0.2&quot;,&quot;st&quot;:1359760586000},&quot;langpack-en-ZA@firefox.mozilla.org&quot;:{&quot;d&quot;:&quot;/usr/lib/firefox/browser/extensions/langpack-en-ZA@firefox.mozilla.org.xpi&quot;,&quot;e&quot;:false,&quot;v&quot;:&quot;18.0.2&quot;,&quot;st&quot;:1359760586000}},&quot;app-system-share&quot;:{&quot;ubufox@ubuntu.com&quot;:{&quot;d&quot;:&quot;/usr/share/mozilla/extensions/{ec8030f7-c20a-464f-9b0e-13a3a9e97384}/ubufox@ubuntu.com&quot;,&quot;e&quot;:false,&quot;v&quot;:&quot;2.6&quot;,&quot;st&quot;:1360793378000,&quot;mt&quot;:1353361961000}}}
1454387643983	addons.xpi	DEBUG	No changes found
1454387643994	addons.manager	DEBUG	Registering shutdown blocker for XPIProvider
1454387643994	addons.manager	DEBUG	Provider finished startup: XPIProvider
1454387643995	addons.manager	DEBUG	Starting provider: LightweightThemeManager
1454387643995	addons.manager	DEBUG	Registering shutdown blocker for LightweightThemeManager
1454387643995	addons.manager	DEBUG	Provider finished startup: LightweightThemeManager
1454387643996	addons.manager	DEBUG	Starting provider: GMPProvider
1454387644002	addons.manager	DEBUG	Registering shutdown blocker for GMPProvider
1454387644002	addons.manager	DEBUG	Provider finished startup: GMPProvider
1454387644002	addons.manager	DEBUG	Starting provider: PluginProvider
1454387644003	addons.manager	DEBUG	Registering shutdown blocker for PluginProvider
1454387644003	addons.manager	DEBUG	Provider finished startup: PluginProvider
1454387644004	addons.manager	DEBUG	Completed startup sequence
1454387644058	addons.xpi-utils	DEBUG	Starting async load of XPI database /tmp/anonymous4245152028309436696webdriver-profile/extensions.json
1454387644393	addons.manager	DEBUG	Starting provider: &lt;unnamed-provider&gt;
1454387644394	addons.manager	DEBUG	Registering shutdown blocker for &lt;unnamed-provider&gt;
1454387644394	addons.manager	DEBUG	Provider finished startup: &lt;unnamed-provider&gt;
1454387644521	addons.xpi-utils	DEBUG	Async JSON file read took 0 MS
1454387644521	addons.xpi-utils	DEBUG	Finished async read of XPI database, parsing...
1454387644523	addons.xpi-utils	DEBUG	Successfully read XPI database
1454387644638	addons.manager	DEBUG	Starting provider: PreviousExperimentProvider
1454387644638	addons.manager	DEBUG	Registering shutdown blocker for PreviousExperimentProvider
1454387644638	addons.manager	DEBUG	Provider finished startup: PreviousExperimentProvider
Build info: version: &apos;2.24.1&apos;, revision: &apos;17205&apos;, time: &apos;2012-06-19 15:28:49&apos;
System info: os.name: &apos;Linux&apos;, os.arch: &apos;i386&apos;, os.version: &apos;3.5.0-23-generic&apos;, java.version: &apos;1.8.0_71&apos;
Driver info: driver.version: FirefoxDriver
	at org.openqa.selenium.firefox.internal.NewProfileExtensionConnection.start(NewProfileExtensionConnection.java:121)
	at org.openqa.selenium.firefox.FirefoxDriver.startClient(FirefoxDriver.java:215)
	at org.openqa.selenium.remote.RemoteWebDriver.&lt;init&gt;(RemoteWebDriver.java:106)
	at org.openqa.selenium.firefox.FirefoxDriver.&lt;init&gt;(FirefoxDriver.java:154)
	at org.openqa.selenium.firefox.FirefoxDriver.&lt;init&gt;(FirefoxDriver.java:150)
	at org.openqa.selenium.firefox.FirefoxDriver.&lt;init&gt;(FirefoxDriver.java:93)
	at OpenBrowser.clsOpenBrowser.&lt;init&gt;(clsOpenBrowser.java:32)
	at ExecuteChrome.clsExecuteChrome.BrowserOpen(clsExecuteChrome.java:21)
Caused by: org.openqa.selenium.firefox.NotConnectedException: Unable to connect to host 127.0.0.1 on port 7055 after 45000 ms. Firefox console output:
g.xpi
1454387643976	addons.xpi	INFO	Mapping ubufox@ubuntu.com to /usr/share/mozilla/extensions/{ec8030f7-c20a-464f-9b0e-13a3a9e97384}/ubufox@ubuntu.com
1454387643977	addons.xpi	DEBUG	checkForChanges
1454387643977	addons.xpi	DEBUG	Loaded add-on state from prefs: {&quot;app-profile&quot;:{&quot;fxdriver@googlecode.com&quot;:{&quot;d&quot;:&quot;/tmp/anonymous4245152028309436696webdriver-profile/extensions/fxdriver@googlecode.com&quot;,&quot;e&quot;:false,&quot;v&quot;:&quot;2.24.1&quot;,&quot;st&quot;:1454387635000,&quot;mt&quot;:1454387635000}},&quot;app-global&quot;:{&quot;{972ce4c6-7e08-4474-a285-3208198ce6fd}&quot;:{&quot;d&quot;:&quot;/usr/lib/firefox/browser/extensions/{972ce4c6-7e08-4474-a285-3208198ce6fd}&quot;,&quot;e&quot;:true,&quot;v&quot;:&quot;42.0&quot;,&quot;st&quot;:1449036246000,&quot;mt&quot;:1446198270000},&quot;langpack-en-GB@firefox.mozilla.org&quot;:{&quot;d&quot;:&quot;/usr/lib/firefox/browser/extensions/langpack-en-GB@firefox.mozilla.org.xpi&quot;,&quot;e&quot;:false,&quot;v&quot;:&quot;18.0.2&quot;,&quot;st&quot;:1359760586000},&quot;langpack-en-ZA@firefox.mozilla.org&quot;:{&quot;d&quot;:&quot;/usr/lib/firefox/browser/extensions/langpack-en-ZA@firefox.mozilla.org.xpi&quot;,&quot;e&quot;:false,&quot;v&quot;:&quot;18.0.2&quot;,&quot;st&quot;:1359760586000}},&quot;app-system-share&quot;:{&quot;ubufox@ubuntu.com&quot;:{&quot;d&quot;:&quot;/usr/share/mozilla/extensions/{ec8030f7-c20a-464f-9b0e-13a3a9e97384}/ubufox@ubuntu.com&quot;,&quot;e&quot;:false,&quot;v&quot;:&quot;2.6&quot;,&quot;st&quot;:1360793378000,&quot;mt&quot;:1353361961000}}}
1454387643979	addons.xpi	DEBUG	getModTime: Recursive scan of {972ce4c6-7e08-4474-a285-3208198ce6fd}
1454387643981	addons.xpi	DEBUG	getInstallState changed: false, state: {&quot;app-profile&quot;:{&quot;fxdriver@googlecode.com&quot;:{&quot;d&quot;:&quot;/tmp/anonymous4245152028309436696webdriver-profile/extensions/fxdriver@googlecode.com&quot;,&quot;e&quot;:false,&quot;v&quot;:&quot;2.24.1&quot;,&quot;st&quot;:1454387635000,&quot;mt&quot;:1454387635000}},&quot;app-global&quot;:{&quot;{972ce4c6-7e08-4474-a285-3208198ce6fd}&quot;:{&quot;d&quot;:&quot;/usr/lib/firefox/browser/extensions/{972ce4c6-7e08-4474-a285-3208198ce6fd}&quot;,&quot;e&quot;:true,&quot;v&quot;:&quot;42.0&quot;,&quot;st&quot;:1449036246000,&quot;mt&quot;:1446198270000},&quot;langpack-en-GB@firefox.mozilla.org&quot;:{&quot;d&quot;:&quot;/usr/lib/firefox/browser/extensions/langpack-en-GB@firefox.mozilla.org.xpi&quot;,&quot;e&quot;:false,&quot;v&quot;:&quot;18.0.2&quot;,&quot;st&quot;:1359760586000},&quot;langpack-en-ZA@firefox.mozilla.org&quot;:{&quot;d&quot;:&quot;/usr/lib/firefox/browser/extensions/langpack-en-ZA@firefox.mozilla.org.xpi&quot;,&quot;e&quot;:false,&quot;v&quot;:&quot;18.0.2&quot;,&quot;st&quot;:1359760586000}},&quot;app-system-share&quot;:{&quot;ubufox@ubuntu.com&quot;:{&quot;d&quot;:&quot;/usr/share/mozilla/extensions/{ec8030f7-c20a-464f-9b0e-13a3a9e97384}/ubufox@ubuntu.com&quot;,&quot;e&quot;:false,&quot;v&quot;:&quot;2.6&quot;,&quot;st&quot;:1360793378000,&quot;mt&quot;:1353361961000}}}
1454387643983	addons.xpi	DEBUG	No changes found
1454387643994	addons.manager	DEBUG	Registering shutdown blocker for XPIProvider
1454387643994	addons.manager	DEBUG	Provider finished startup: XPIProvider
1454387643995	addons.manager	DEBUG	Starting provider: LightweightThemeManager
1454387643995	addons.manager	DEBUG	Registering shutdown blocker for LightweightThemeManager
1454387643995	addons.manager	DEBUG	Provider finished startup: LightweightThemeManager
1454387643996	addons.manager	DEBUG	Starting provider: GMPProvider
1454387644002	addons.manager	DEBUG	Registering shutdown blocker for GMPProvider
1454387644002	addons.manager	DEBUG	Provider finished startup: GMPProvider
1454387644002	addons.manager	DEBUG	Starting provider: PluginProvider
1454387644003	addons.manager	DEBUG	Registering shutdown blocker for PluginProvider
1454387644003	addons.manager	DEBUG	Provider finished startup: PluginProvider
1454387644004	addons.manager	DEBUG	Completed startup sequence
1454387644058	addons.xpi-utils	DEBUG	Starting async load of XPI database /tmp/anonymous4245152028309436696webdriver-profile/extensions.json
1454387644393	addons.manager	DEBUG	Starting provider: &lt;unnamed-provider&gt;
1454387644394	addons.manager	DEBUG	Registering shutdown blocker for &lt;unnamed-provider&gt;
1454387644394	addons.manager	DEBUG	Provider finished startup: &lt;unnamed-provider&gt;
1454387644521	addons.xpi-utils	DEBUG	Async JSON file read took 0 MS
1454387644521	addons.xpi-utils	DEBUG	Finished async read of XPI database, parsing...
1454387644523	addons.xpi-utils	DEBUG	Successfully read XPI database
1454387644638	addons.manager	DEBUG	Starting provider: PreviousExperimentProvider
1454387644638	addons.manager	DEBUG	Registering shutdown blocker for PreviousExperimentProvider
1454387644638	addons.manager	DEBUG	Provider finished startup: PreviousExperimentProvider
	at org.openqa.selenium.firefox.internal.NewProfileExtensionConnection.start(NewProfileExtensionConnection.java:109)
	... 40 more
</failure>
    <system-out>Browser has to be opened
</system-out>
    <system-err>org.openqa.selenium.firefox.NotConnectedException: Unable to connect to host 127.0.0.1 on port 7055 after 45000 ms. Firefox console output:
g.xpi
1454387643976	addons.xpi	INFO	Mapping ubufox@ubuntu.com to /usr/share/mozilla/extensions/{ec8030f7-c20a-464f-9b0e-13a3a9e97384}/ubufox@ubuntu.com
1454387643977	addons.xpi	DEBUG	checkForChanges
1454387643977	addons.xpi	DEBUG	Loaded add-on state from prefs: {&quot;app-profile&quot;:{&quot;fxdriver@googlecode.com&quot;:{&quot;d&quot;:&quot;/tmp/anonymous4245152028309436696webdriver-profile/extensions/fxdriver@googlecode.com&quot;,&quot;e&quot;:false,&quot;v&quot;:&quot;2.24.1&quot;,&quot;st&quot;:1454387635000,&quot;mt&quot;:1454387635000}},&quot;app-global&quot;:{&quot;{972ce4c6-7e08-4474-a285-3208198ce6fd}&quot;:{&quot;d&quot;:&quot;/usr/lib/firefox/browser/extensions/{972ce4c6-7e08-4474-a285-3208198ce6fd}&quot;,&quot;e&quot;:true,&quot;v&quot;:&quot;42.0&quot;,&quot;st&quot;:1449036246000,&quot;mt&quot;:1446198270000},&quot;langpack-en-GB@firefox.mozilla.org&quot;:{&quot;d&quot;:&quot;/usr/lib/firefox/browser/extensions/langpack-en-GB@firefox.mozilla.org.xpi&quot;,&quot;e&quot;:false,&quot;v&quot;:&quot;18.0.2&quot;,&quot;st&quot;:1359760586000},&quot;langpack-en-ZA@firefox.mozilla.org&quot;:{&quot;d&quot;:&quot;/usr/lib/firefox/browser/extensions/langpack-en-ZA@firefox.mozilla.org.xpi&quot;,&quot;e&quot;:false,&quot;v&quot;:&quot;18.0.2&quot;,&quot;st&quot;:1359760586000}},&quot;app-system-share&quot;:{&quot;ubufox@ubuntu.com&quot;:{&quot;d&quot;:&quot;/usr/share/mozilla/extensions/{ec8030f7-c20a-464f-9b0e-13a3a9e97384}/ubufox@ubuntu.com&quot;,&quot;e&quot;:false,&quot;v&quot;:&quot;2.6&quot;,&quot;st&quot;:1360793378000,&quot;mt&quot;:1353361961000}}}
1454387643979	addons.xpi	DEBUG	getModTime: Recursive scan of {972ce4c6-7e08-4474-a285-3208198ce6fd}
1454387643981	addons.xpi	DEBUG	getInstallState changed: false, state: {&quot;app-profile&quot;:{&quot;fxdriver@googlecode.com&quot;:{&quot;d&quot;:&quot;/tmp/anonymous4245152028309436696webdriver-profile/extensions/fxdriver@googlecode.com&quot;,&quot;e&quot;:false,&quot;v&quot;:&quot;2.24.1&quot;,&quot;st&quot;:1454387635000,&quot;mt&quot;:1454387635000}},&quot;app-global&quot;:{&quot;{972ce4c6-7e08-4474-a285-3208198ce6fd}&quot;:{&quot;d&quot;:&quot;/usr/lib/firefox/browser/extensions/{972ce4c6-7e08-4474-a285-3208198ce6fd}&quot;,&quot;e&quot;:true,&quot;v&quot;:&quot;42.0&quot;,&quot;st&quot;:1449036246000,&quot;mt&quot;:1446198270000},&quot;langpack-en-GB@firefox.mozilla.org&quot;:{&quot;d&quot;:&quot;/usr/lib/firefox/browser/extensions/langpack-en-GB@firefox.mozilla.org.xpi&quot;,&quot;e&quot;:false,&quot;v&quot;:&quot;18.0.2&quot;,&quot;st&quot;:1359760586000},&quot;langpack-en-ZA@firefox.mozilla.org&quot;:{&quot;d&quot;:&quot;/usr/lib/firefox/browser/extensions/langpack-en-ZA@firefox.mozilla.org.xpi&quot;,&quot;e&quot;:false,&quot;v&quot;:&quot;18.0.2&quot;,&quot;st&quot;:1359760586000}},&quot;app-system-share&quot;:{&quot;ubufox@ubuntu.com&quot;:{&quot;d&quot;:&quot;/usr/share/mozilla/extensions/{ec8030f7-c20a-464f-9b0e-13a3a9e97384}/ubufox@ubuntu.com&quot;,&quot;e&quot;:false,&quot;v&quot;:&quot;2.6&quot;,&quot;st&quot;:1360793378000,&quot;mt&quot;:1353361961000}}}
1454387643983	addons.xpi	DEBUG	No changes found
1454387643994	addons.manager	DEBUG	Registering shutdown blocker for XPIProvider
1454387643994	addons.manager	DEBUG	Provider finished startup: XPIProvider
1454387643995	addons.manager	DEBUG	Starting provider: LightweightThemeManager
1454387643995	addons.manager	DEBUG	Registering shutdown blocker for LightweightThemeManager
1454387643995	addons.manager	DEBUG	Provider finished startup: LightweightThemeManager
1454387643996	addons.manager	DEBUG	Starting provider: GMPProvider
1454387644002	addons.manager	DEBUG	Registering shutdown blocker for GMPProvider
1454387644002	addons.manager	DEBUG	Provider finished startup: GMPProvider
1454387644002	addons.manager	DEBUG	Starting provider: PluginProvider
1454387644003	addons.manager	DEBUG	Registering shutdown blocker for PluginProvider
1454387644003	addons.manager	DEBUG	Provider finished startup: PluginProvider
1454387644004	addons.manager	DEBUG	Completed startup sequence
1454387644058	addons.xpi-utils	DEBUG	Starting async load of XPI database /tmp/anonymous4245152028309436696webdriver-profile/extensions.json
1454387644393	addons.manager	DEBUG	Starting provider: &lt;unnamed-provider&gt;
1454387644394	addons.manager	DEBUG	Registering shutdown blocker for &lt;unnamed-provider&gt;
1454387644394	addons.manager	DEBUG	Provider finished startup: &lt;unnamed-provider&gt;
1454387644521	addons.xpi-utils	DEBUG	Async JSON file read took 0 MS
1454387644521	addons.xpi-utils	DEBUG	Finished async read of XPI database, parsing...
1454387644523	addons.xpi-utils	DEBUG	Successfully read XPI database
1454387644638	addons.manager	DEBUG	Starting provider: PreviousExperimentProvider
1454387644638	addons.manager	DEBUG	Registering shutdown blocker for PreviousExperimentProvider
1454387644638	addons.manager	DEBUG	Provider finished startup: PreviousExperimentProvider

	at org.openqa.selenium.firefox.internal.NewProfileExtensionConnection.start(NewProfileExtensionConnection.java:109)
	at org.openqa.selenium.firefox.FirefoxDriver.startClient(FirefoxDriver.java:215)
	at org.openqa.selenium.remote.RemoteWebDriver.&lt;init&gt;(RemoteWebDriver.java:106)
	at org.openqa.selenium.firefox.FirefoxDriver.&lt;init&gt;(FirefoxDriver.java:154)
	at org.openqa.selenium.firefox.FirefoxDriver.&lt;init&gt;(FirefoxDriver.java:150)
	at org.openqa.selenium.firefox.FirefoxDriver.&lt;init&gt;(FirefoxDriver.java:93)
	at OpenBrowser.clsOpenBrowser.&lt;init&gt;(clsOpenBrowser.java:32)
	at ExecuteChrome.clsExecuteChrome.BrowserOpen(clsExecuteChrome.java:21)
	at sun.reflect.NativeMethodAccessorImpl.invoke0(Native Method)
	at sun.reflect.NativeMethodAccessorImpl.invoke(NativeMethodAccessorImpl.java:62)
	at sun.reflect.DelegatingMethodAccessorImpl.invoke(DelegatingMethodAccessorImpl.java:43)
	at java.lang.reflect.Method.invoke(Method.java:497)
	at org.testng.internal.MethodInvocationHelper.invokeMethod(MethodInvocationHelper.java:80)
	at org.testng.internal.Invoker.invokeMethod(Invoker.java:714)
	at org.testng.internal.Invoker.invokeTestMethod(Invoker.java:901)
	at org.testng.internal.Invoker.invokeTestMethods(Invoker.java:1231)
	at org.testng.internal.TestMethodWorker.invokeTestMethods(TestMethodWorker.java:127)
	at org.testng.internal.TestMethodWorker.run(TestMethodWorker.java:111)
	at org.testng.TestRunner.privateRun(TestRunner.java:767)
	at org.testng.TestRunner.run(TestRunner.java:617)
	at org.testng.SuiteRunner.runTest(SuiteRunner.java:334)
	at org.testng.SuiteRunner.runSequentially(SuiteRunner.java:329)
	at org.testng.SuiteRunner.privateRun(SuiteRunner.java:291)
	at org.testng.SuiteRunner.run(SuiteRunner.java:240)
	at org.testng.SuiteRunnerWorker.runSuite(SuiteRunnerWorker.java:52)
	at org.testng.SuiteRunnerWorker.run(SuiteRunnerWorker.java:86)
	at org.testng.TestNG.runSuitesSequentially(TestNG.java:1198)
	at org.testng.TestNG.runSuitesLocally(TestNG.java:1123)
	at org.testng.TestNG.run(TestNG.java:1031)
	at org.apache.maven.surefire.testng.TestNGExecutor.run(TestNGExecutor.java:177)
	at org.apache.maven.surefire.testng.TestNGXmlTestSuite.execute(TestNGXmlTestSuite.java:92)
	at org.apache.maven.surefire.testng.TestNGProvider.invoke(TestNGProvider.java:105)
	at sun.reflect.NativeMethodAccessorImpl.invoke0(Native Method)
	at sun.reflect.NativeMethodAccessorImpl.invoke(NativeMethodAccessorImpl.java:62)
	at sun.reflect.DelegatingMethodAccessorImpl.invoke(DelegatingMethodAccessorImpl.java:43)
	at java.lang.reflect.Method.invoke(Method.java:497)
	at org.apache.maven.surefire.util.ReflectionUtils.invokeMethodWithArray(ReflectionUtils.java:189)
	at org.apache.maven.surefire.booter.ProviderFactory$ProviderProxy.invoke(ProviderFactory.java:165)
	at org.apache.maven.surefire.booter.ProviderFactory.invokeProvider(ProviderFactory.java:85)
	at org.apache.maven.surefire.booter.ForkedBooter.runSuitesInProcess(ForkedBooter.java:103)
	at org.apache.maven.surefire.booter.ForkedBooter.main(ForkedBooter.java:74)
</system-err>
  </testcase>
</testsuite>