<?xml version="1.0" encoding="UTF-8"?>
<testng-results skipped="0" failed="0" total="1" passed="1">
  <reporter-output>
  </reporter-output>
  <suite name="Suite" duration-ms="6332" started-at="2016-02-01T11:22:03Z" finished-at="2016-02-01T11:22:10Z">
    <groups>
    </groups>
    <test name="Test" duration-ms="6332" started-at="2016-02-01T11:22:03Z" finished-at="2016-02-01T11:22:10Z">
      <class name="ExecuteChrome.clsExecuteChrome">
        <test-method status="PASS" signature="BrowserOpen()[pri:0, instance:ExecuteChrome.clsExecuteChrome@4a765]" name="BrowserOpen" duration-ms="6302" started-at="2016-02-01T16:52:03Z" finished-at="2016-02-01T16:52:10Z">
          <reporter-output>
          </reporter-output>
        </test-method> <!-- BrowserOpen -->
      </class> <!-- ExecuteChrome.clsExecuteChrome -->
    </test> <!-- Test -->
  </suite> <!-- Suite -->
</testng-results>
